mode: count
github.com/Jonss/cartaman/pkg/ports/httprest/deck_handler.go:17.41,25.16 4 3
github.com/Jonss/cartaman/pkg/ports/httprest/deck_handler.go:25.16,28.3 2 0
github.com/Jonss/cartaman/pkg/ports/httprest/deck_handler.go:29.2,29.48 1 3
github.com/Jonss/cartaman/pkg/ports/httprest/deck_handler.go:32.42,33.21 1 3
github.com/Jonss/cartaman/pkg/ports/httprest/deck_handler.go:33.21,35.3 1 2
github.com/Jonss/cartaman/pkg/ports/httprest/deck_handler.go:36.2,36.34 1 1
github.com/Jonss/cartaman/pkg/ports/httprest/deck_handler.go:39.39,41.16 2 3
github.com/Jonss/cartaman/pkg/ports/httprest/deck_handler.go:41.16,43.3 1 1
github.com/Jonss/cartaman/pkg/ports/httprest/deck_handler.go:45.2,46.16 2 2
github.com/Jonss/cartaman/pkg/ports/httprest/deck_handler.go:46.16,47.42 1 1
github.com/Jonss/cartaman/pkg/ports/httprest/deck_handler.go:47.42,49.4 1 1
github.com/Jonss/cartaman/pkg/ports/httprest/deck_handler.go:50.3,50.65 1 0
github.com/Jonss/cartaman/pkg/ports/httprest/deck_handler.go:52.2,52.25 1 1
github.com/Jonss/cartaman/pkg/ports/httprest/deck_handler.go:59.39,61.16 2 6
github.com/Jonss/cartaman/pkg/ports/httprest/deck_handler.go:61.16,63.3 1 1
github.com/Jonss/cartaman/pkg/ports/httprest/deck_handler.go:65.2,66.32 2 5
github.com/Jonss/cartaman/pkg/ports/httprest/deck_handler.go:66.32,68.3 1 3
github.com/Jonss/cartaman/pkg/ports/httprest/deck_handler.go:69.2,70.16 2 2
github.com/Jonss/cartaman/pkg/ports/httprest/deck_handler.go:70.16,71.42 1 1
github.com/Jonss/cartaman/pkg/ports/httprest/deck_handler.go:71.42,73.4 1 1
github.com/Jonss/cartaman/pkg/ports/httprest/deck_handler.go:74.3,74.65 1 0
github.com/Jonss/cartaman/pkg/ports/httprest/deck_handler.go:76.2,76.44 1 1
github.com/Jonss/cartaman/pkg/ports/httprest/deck_handler.go:79.49,83.16 3 9
github.com/Jonss/cartaman/pkg/ports/httprest/deck_handler.go:83.16,85.3 1 2
github.com/Jonss/cartaman/pkg/ports/httprest/deck_handler.go:86.2,86.20 1 7
github.com/Jonss/cartaman/pkg/ports/httprest/rest.go:13.68,15.2 1 12
github.com/Jonss/cartaman/pkg/ports/httprest/rest.go:17.23,18.53 1 12
github.com/Jonss/cartaman/pkg/ports/httprest/rest.go:18.53,20.3 1 3
github.com/Jonss/cartaman/pkg/ports/httprest/rest.go:22.2,22.56 1 12
github.com/Jonss/cartaman/pkg/ports/httprest/rest.go:22.56,24.3 1 3
github.com/Jonss/cartaman/pkg/ports/httprest/rest.go:26.2,26.70 1 12
github.com/Jonss/cartaman/pkg/ports/httprest/rest.go:26.70,28.3 1 6
github.com/Jonss/cartaman/pkg/usecase/deck/common.go:5.51,7.37 2 0
github.com/Jonss/cartaman/pkg/usecase/deck/common.go:7.37,13.3 1 0
github.com/Jonss/cartaman/pkg/usecase/deck/common.go:14.2,14.14 1 0
github.com/Jonss/cartaman/pkg/usecase/deck/create_deck_usecase.go:16.87,18.16 2 0
github.com/Jonss/cartaman/pkg/usecase/deck/create_deck_usecase.go:18.16,20.3 1 0
github.com/Jonss/cartaman/pkg/usecase/deck/create_deck_usecase.go:22.2,22.21 1 0
github.com/Jonss/cartaman/pkg/usecase/deck/create_deck_usecase.go:22.21,24.3 1 0
github.com/Jonss/cartaman/pkg/usecase/deck/create_deck_usecase.go:25.2,31.16 3 0
github.com/Jonss/cartaman/pkg/usecase/deck/create_deck_usecase.go:31.16,33.3 1 0
github.com/Jonss/cartaman/pkg/usecase/deck/create_deck_usecase.go:34.2,38.8 1 0
github.com/Jonss/cartaman/pkg/usecase/deck/create_deck_usecase.go:41.34,42.44 1 0
github.com/Jonss/cartaman/pkg/usecase/deck/create_deck_usecase.go:42.44,44.3 1 0
github.com/Jonss/cartaman/pkg/usecase/deck/deck_service.go:42.56,47.2 1 0
github.com/Jonss/cartaman/pkg/usecase/deck/draw_card_usecase.go:9.94,11.16 2 0
github.com/Jonss/cartaman/pkg/usecase/deck/draw_card_usecase.go:11.16,13.3 1 0
github.com/Jonss/cartaman/pkg/usecase/deck/draw_card_usecase.go:15.2,16.16 2 0
github.com/Jonss/cartaman/pkg/usecase/deck/draw_card_usecase.go:16.16,18.3 1 0
github.com/Jonss/cartaman/pkg/usecase/deck/draw_card_usecase.go:20.2,20.29 1 0
github.com/Jonss/cartaman/pkg/usecase/deck/open_deck_usecase.go:9.86,11.16 2 0
github.com/Jonss/cartaman/pkg/usecase/deck/open_deck_usecase.go:11.16,13.3 1 0
github.com/Jonss/cartaman/pkg/usecase/deck/open_deck_usecase.go:14.2,18.8 1 0
github.com/Jonss/cartaman/pkg/usecase/deck/mocks/deck_service.go:28.67,32.2 3 12
github.com/Jonss/cartaman/pkg/usecase/deck/mocks/deck_service.go:35.65,37.2 1 7
github.com/Jonss/cartaman/pkg/usecase/deck/mocks/deck_service.go:40.100,46.2 5 3
github.com/Jonss/cartaman/pkg/usecase/deck/mocks/deck_service.go:49.84,52.2 2 3
github.com/Jonss/cartaman/pkg/usecase/deck/mocks/deck_service.go:55.101,61.2 5 2
github.com/Jonss/cartaman/pkg/usecase/deck/mocks/deck_service.go:64.88,67.2 2 2
github.com/Jonss/cartaman/pkg/usecase/deck/mocks/deck_service.go:70.94,76.2 5 2
github.com/Jonss/cartaman/pkg/usecase/deck/mocks/deck_service.go:79.82,82.2 2 2
github.com/Jonss/cartaman/pkg/adapters/repository/pg/card_repository.go:14.55,16.2 1 0
github.com/Jonss/cartaman/pkg/adapters/repository/pg/card_repository.go:18.64,21.16 3 10
github.com/Jonss/cartaman/pkg/adapters/repository/pg/card_repository.go:21.16,23.3 1 0
github.com/Jonss/cartaman/pkg/adapters/repository/pg/card_repository.go:24.2,24.18 1 10
github.com/Jonss/cartaman/pkg/adapters/repository/pg/card_repository.go:24.18,26.3 1 1
github.com/Jonss/cartaman/pkg/adapters/repository/pg/card_repository.go:28.2,30.16 3 9
github.com/Jonss/cartaman/pkg/adapters/repository/pg/card_repository.go:30.16,32.3 1 0
github.com/Jonss/cartaman/pkg/adapters/repository/pg/card_repository.go:33.2,33.12 1 9
github.com/Jonss/cartaman/pkg/adapters/repository/pg/card_repository.go:36.90,38.21 2 3
github.com/Jonss/cartaman/pkg/adapters/repository/pg/card_repository.go:38.21,40.3 1 2
github.com/Jonss/cartaman/pkg/adapters/repository/pg/card_repository.go:42.2,44.16 3 3
github.com/Jonss/cartaman/pkg/adapters/repository/pg/card_repository.go:44.16,46.3 1 0
github.com/Jonss/cartaman/pkg/adapters/repository/pg/card_repository.go:48.2,48.18 1 3
github.com/Jonss/cartaman/pkg/adapters/repository/pg/card_repository.go:48.18,51.17 3 55
github.com/Jonss/cartaman/pkg/adapters/repository/pg/card_repository.go:51.17,53.4 1 0
github.com/Jonss/cartaman/pkg/adapters/repository/pg/card_repository.go:54.3,54.24 1 55
github.com/Jonss/cartaman/pkg/adapters/repository/pg/card_repository.go:57.2,57.17 1 3
github.com/Jonss/cartaman/pkg/adapters/repository/pg/card_repository.go:60.26,65.30 4 10
github.com/Jonss/cartaman/pkg/adapters/repository/pg/card_repository.go:65.30,66.32 1 40
github.com/Jonss/cartaman/pkg/adapters/repository/pg/card_repository.go:66.32,69.4 2 520
github.com/Jonss/cartaman/pkg/adapters/repository/pg/card_repository.go:71.2,72.29 2 10
github.com/Jonss/cartaman/pkg/adapters/repository/pg/connection.go:13.56,15.16 2 9
github.com/Jonss/cartaman/pkg/adapters/repository/pg/connection.go:15.16,17.3 1 0
github.com/Jonss/cartaman/pkg/adapters/repository/pg/connection.go:18.2,18.18 1 9
github.com/Jonss/cartaman/pkg/adapters/repository/pg/connection.go:21.53,23.16 2 9
github.com/Jonss/cartaman/pkg/adapters/repository/pg/connection.go:23.16,25.3 1 0
github.com/Jonss/cartaman/pkg/adapters/repository/pg/connection.go:26.2,27.16 2 9
github.com/Jonss/cartaman/pkg/adapters/repository/pg/connection.go:27.16,29.3 1 0
github.com/Jonss/cartaman/pkg/adapters/repository/pg/connection.go:31.2,32.16 2 9
github.com/Jonss/cartaman/pkg/adapters/repository/pg/connection.go:32.16,33.33 1 0
github.com/Jonss/cartaman/pkg/adapters/repository/pg/connection.go:33.33,35.4 1 0
github.com/Jonss/cartaman/pkg/adapters/repository/pg/connection.go:36.3,36.62 1 0
github.com/Jonss/cartaman/pkg/adapters/repository/pg/connection.go:38.2,38.12 1 9
github.com/Jonss/cartaman/pkg/adapters/repository/pg/deck_repository.go:18.55,20.2 1 0
github.com/Jonss/cartaman/pkg/adapters/repository/pg/deck_repository.go:24.121,25.30 1 4
github.com/Jonss/cartaman/pkg/adapters/repository/pg/deck_repository.go:25.30,27.3 1 1
github.com/Jonss/cartaman/pkg/adapters/repository/pg/deck_repository.go:29.2,30.16 2 3
github.com/Jonss/cartaman/pkg/adapters/repository/pg/deck_repository.go:30.16,32.3 1 0
github.com/Jonss/cartaman/pkg/adapters/repository/pg/deck_repository.go:34.2,38.16 4 3
github.com/Jonss/cartaman/pkg/adapters/repository/pg/deck_repository.go:38.16,41.3 2 0
github.com/Jonss/cartaman/pkg/adapters/repository/pg/deck_repository.go:43.2,43.40 1 3
github.com/Jonss/cartaman/pkg/adapters/repository/pg/deck_repository.go:43.40,46.17 3 8
github.com/Jonss/cartaman/pkg/adapters/repository/pg/deck_repository.go:46.17,49.4 2 0
github.com/Jonss/cartaman/pkg/adapters/repository/pg/deck_repository.go:52.2,53.16 2 3
github.com/Jonss/cartaman/pkg/adapters/repository/pg/deck_repository.go:53.16,55.3 1 0
github.com/Jonss/cartaman/pkg/adapters/repository/pg/deck_repository.go:57.2,63.18 2 3
github.com/Jonss/cartaman/pkg/adapters/repository/pg/deck_repository.go:66.106,78.16 3 4
github.com/Jonss/cartaman/pkg/adapters/repository/pg/deck_repository.go:78.16,80.3 1 0
github.com/Jonss/cartaman/pkg/adapters/repository/pg/deck_repository.go:82.2,84.18 3 4
github.com/Jonss/cartaman/pkg/adapters/repository/pg/deck_repository.go:84.18,87.17 3 6
github.com/Jonss/cartaman/pkg/adapters/repository/pg/deck_repository.go:87.17,89.4 1 0
github.com/Jonss/cartaman/pkg/adapters/repository/pg/deck_repository.go:90.3,90.30 1 6
github.com/Jonss/cartaman/pkg/adapters/repository/pg/deck_repository.go:92.2,92.27 1 4
github.com/Jonss/cartaman/pkg/adapters/repository/pg/deck_repository.go:92.27,94.3 1 1
github.com/Jonss/cartaman/pkg/adapters/repository/pg/deck_repository.go:96.2,97.23 2 3
github.com/Jonss/cartaman/pkg/adapters/repository/pg/deck_repository.go:100.100,104.16 4 2
github.com/Jonss/cartaman/pkg/adapters/repository/pg/deck_repository.go:104.16,105.27 1 1
github.com/Jonss/cartaman/pkg/adapters/repository/pg/deck_repository.go:105.27,107.4 1 1
github.com/Jonss/cartaman/pkg/adapters/repository/pg/deck_repository.go:108.3,108.13 1 0
github.com/Jonss/cartaman/pkg/adapters/repository/pg/deck_repository.go:111.2,124.16 3 1
github.com/Jonss/cartaman/pkg/adapters/repository/pg/deck_repository.go:124.16,126.3 1 0
github.com/Jonss/cartaman/pkg/adapters/repository/pg/deck_repository.go:127.2,127.12 1 1
github.com/Jonss/cartaman/pkg/adapters/repository/pg/deck_repository.go:130.108,142.16 3 0
github.com/Jonss/cartaman/pkg/adapters/repository/pg/deck_repository.go:142.16,144.3 1 0
github.com/Jonss/cartaman/pkg/adapters/repository/pg/deck_repository.go:146.2,147.18 2 0
github.com/Jonss/cartaman/pkg/adapters/repository/pg/deck_repository.go:147.18,150.17 3 0
github.com/Jonss/cartaman/pkg/adapters/repository/pg/deck_repository.go:150.17,152.4 1 0
github.com/Jonss/cartaman/pkg/adapters/repository/pg/deck_repository.go:153.3,153.30 1 0
github.com/Jonss/cartaman/pkg/adapters/repository/pg/deck_repository.go:156.2,156.19 1 0
github.com/Jonss/cartaman/pkg/adapters/repository/pg/test_utils.go:17.53,26.16 3 9
github.com/Jonss/cartaman/pkg/adapters/repository/pg/test_utils.go:26.16,28.3 1 0
github.com/Jonss/cartaman/pkg/adapters/repository/pg/test_utils.go:30.2,31.16 2 9
github.com/Jonss/cartaman/pkg/adapters/repository/pg/test_utils.go:31.16,33.3 1 0
github.com/Jonss/cartaman/pkg/adapters/repository/pg/test_utils.go:35.2,37.16 2 9
github.com/Jonss/cartaman/pkg/adapters/repository/pg/test_utils.go:37.16,39.3 1 0
github.com/Jonss/cartaman/pkg/adapters/repository/pg/test_utils.go:41.2,41.32 1 9
